2022-11-24 10:19:59,568 - basicLogger - INFO - receiver returned 200.
2022-11-24 10:19:59,569 - basicLogger - INFO - audit returned 200.
2022-11-24 10:19:59,570 - basicLogger - INFO - processing_service returned 200.
2022-11-24 10:19:59,570 - basicLogger - INFO - storage returned 200.
2022-11-24 10:20:04,565 - basicLogger - INFO - receiver returned 200.
2022-11-24 10:20:04,566 - basicLogger - INFO - audit returned 200.
2022-11-24 10:20:04,566 - basicLogger - INFO - processing_service returned 200.
2022-11-24 10:20:04,566 - basicLogger - INFO - storage returned 200.
2022-11-24 10:20:09,537 - basicLogger - INFO - receiver returned 200.
2022-11-24 10:20:09,537 - basicLogger - INFO - audit returned 200.
2022-11-24 10:20:09,538 - basicLogger - INFO - processing_service returned 200.
2022-11-24 10:20:09,538 - basicLogger - INFO - storage returned 200.
2022-11-24 10:20:34,212 - basicLogger - INFO - receiver returned 200.
2022-11-24 10:20:34,213 - basicLogger - INFO - audit returned 200.
2022-11-24 10:20:34,213 - basicLogger - INFO - processing_service returned 200.
2022-11-24 10:20:34,213 - basicLogger - INFO - storage returned 200.
2022-11-24 10:20:39,214 - basicLogger - INFO - receiver returned 200.
2022-11-24 10:20:39,214 - basicLogger - INFO - audit returned 200.
2022-11-24 10:20:39,215 - basicLogger - INFO - processing_service returned 200.
2022-11-24 10:20:39,215 - basicLogger - INFO - storage returned 200.
2022-11-24 10:20:44,212 - basicLogger - INFO - receiver returned 200.
2022-11-24 10:20:44,212 - basicLogger - INFO - audit returned 200.
2022-11-24 10:20:44,213 - basicLogger - INFO - processing_service returned 200.
2022-11-24 10:20:44,213 - basicLogger - INFO - storage returned 200.
2022-11-24 10:20:49,232 - basicLogger - INFO - receiver returned 200.
2022-11-24 10:20:49,233 - basicLogger - INFO - audit returned 200.
2022-11-24 10:20:49,233 - basicLogger - INFO - processing_service returned 200.
2022-11-24 10:20:49,233 - basicLogger - INFO - storage returned 200.
2022-11-24 10:20:54,201 - basicLogger - INFO - receiver returned 200.
2022-11-24 10:20:54,202 - basicLogger - INFO - audit returned 200.
2022-11-24 10:20:54,202 - basicLogger - INFO - processing_service returned 200.
2022-11-24 10:20:54,203 - basicLogger - INFO - storage returned 200.
2022-11-24 10:20:59,210 - basicLogger - INFO - receiver returned 200.
2022-11-24 10:20:59,210 - basicLogger - INFO - audit returned 200.
2022-11-24 10:20:59,210 - basicLogger - INFO - processing_service returned 200.
2022-11-24 10:20:59,210 - basicLogger - INFO - storage returned 200.
2022-11-24 10:21:04,196 - basicLogger - INFO - receiver returned 200.
2022-11-24 10:21:04,196 - basicLogger - INFO - audit returned 200.
2022-11-24 10:21:04,197 - basicLogger - INFO - processing_service returned 200.
2022-11-24 10:21:04,197 - basicLogger - INFO - storage returned 200.
2022-11-24 10:21:06,819 - basicLogger - DEBUG - The latest stats:
[{'last_updated': '2022-11-24T10:21:04Z', 'receiver': 200, 'audit': 200, 'processing_service': 200, 'storage': 200}]

2022-11-24 10:21:06,819 - basicLogger - INFO - The request has been completed.
2022-11-24 10:21:09,214 - basicLogger - INFO - receiver returned 200.
2022-11-24 10:21:09,215 - basicLogger - INFO - audit returned 200.
2022-11-24 10:21:09,215 - basicLogger - INFO - processing_service returned 200.
2022-11-24 10:21:09,215 - basicLogger - INFO - storage returned 200.
2022-11-24 10:21:14,206 - basicLogger - INFO - receiver returned 200.
2022-11-24 10:21:14,206 - basicLogger - INFO - audit returned 200.
2022-11-24 10:21:14,206 - basicLogger - INFO - processing_service returned 200.
2022-11-24 10:21:14,206 - basicLogger - INFO - storage returned 200.
2022-11-24 10:21:19,197 - basicLogger - INFO - receiver returned 200.
2022-11-24 10:21:19,198 - basicLogger - INFO - audit returned 200.
2022-11-24 10:21:19,198 - basicLogger - INFO - processing_service returned 200.
2022-11-24 10:21:19,198 - basicLogger - INFO - storage returned 200.
2022-11-24 10:21:24,203 - basicLogger - INFO - receiver returned 200.
2022-11-24 10:21:24,203 - basicLogger - INFO - audit returned 200.
2022-11-24 10:21:24,204 - basicLogger - INFO - processing_service returned 200.
2022-11-24 10:21:24,204 - basicLogger - INFO - storage returned 200.
2022-11-24 10:21:29,204 - basicLogger - INFO - receiver returned 200.
2022-11-24 10:21:29,205 - basicLogger - INFO - audit returned 200.
2022-11-24 10:21:29,205 - basicLogger - INFO - processing_service returned 200.
2022-11-24 10:21:29,206 - basicLogger - INFO - storage returned 200.
2022-11-24 10:21:34,196 - basicLogger - INFO - receiver returned 200.
2022-11-24 10:21:34,196 - basicLogger - INFO - audit returned 200.
2022-11-24 10:21:34,197 - basicLogger - INFO - processing_service returned 200.
2022-11-24 10:21:34,197 - basicLogger - INFO - storage returned 200.
2022-11-24 10:21:39,214 - basicLogger - INFO - receiver returned 200.
2022-11-24 10:21:39,215 - basicLogger - INFO - audit returned 200.
2022-11-24 10:21:39,215 - basicLogger - INFO - processing_service returned 200.
2022-11-24 10:21:39,215 - basicLogger - INFO - storage returned 200.
2022-11-24 10:21:44,207 - basicLogger - INFO - receiver returned 200.
2022-11-24 10:21:44,208 - basicLogger - INFO - audit returned 200.
2022-11-24 10:21:44,209 - basicLogger - INFO - processing_service returned 200.
2022-11-24 10:21:44,210 - basicLogger - INFO - storage returned 200.
2022-11-24 10:21:49,212 - basicLogger - INFO - receiver returned 200.
2022-11-24 10:21:49,212 - basicLogger - INFO - audit returned 200.
2022-11-24 10:21:49,213 - basicLogger - INFO - processing_service returned 200.
2022-11-24 10:21:49,213 - basicLogger - INFO - storage returned 200.
2022-11-24 10:21:54,208 - basicLogger - INFO - receiver returned 200.
2022-11-24 10:21:54,208 - basicLogger - INFO - audit returned 200.
2022-11-24 10:21:54,209 - basicLogger - INFO - processing_service returned 200.
2022-11-24 10:21:54,209 - basicLogger - INFO - storage returned 200.
2022-11-24 10:21:59,231 - basicLogger - INFO - receiver returned 200.
2022-11-24 10:21:59,232 - basicLogger - INFO - audit returned 200.
2022-11-24 10:21:59,232 - basicLogger - INFO - processing_service returned 200.
2022-11-24 10:21:59,232 - basicLogger - INFO - storage returned 200.
2022-11-24 10:22:04,223 - basicLogger - INFO - receiver returned 200.
2022-11-24 10:22:04,223 - basicLogger - INFO - audit returned 200.
2022-11-24 10:22:04,223 - basicLogger - INFO - processing_service returned 200.
2022-11-24 10:22:04,223 - basicLogger - INFO - storage returned 200.
2022-11-24 10:22:09,207 - basicLogger - INFO - receiver returned 200.
2022-11-24 10:22:09,207 - basicLogger - INFO - audit returned 200.
2022-11-24 10:22:09,208 - basicLogger - INFO - processing_service returned 200.
2022-11-24 10:22:09,208 - basicLogger - INFO - storage returned 200.
2022-11-24 10:22:14,217 - basicLogger - INFO - receiver returned 200.
2022-11-24 10:22:14,217 - basicLogger - INFO - audit returned 200.
2022-11-24 10:22:14,218 - basicLogger - INFO - processing_service returned 200.
2022-11-24 10:22:14,218 - basicLogger - INFO - storage returned 200.
2022-11-24 10:22:19,200 - basicLogger - INFO - receiver returned 200.
2022-11-24 10:22:19,200 - basicLogger - INFO - audit returned 200.
2022-11-24 10:22:19,200 - basicLogger - INFO - processing_service returned 200.
2022-11-24 10:22:19,201 - basicLogger - INFO - storage returned 200.
2022-11-24 10:22:24,208 - basicLogger - INFO - receiver returned 200.
2022-11-24 10:22:24,208 - basicLogger - INFO - audit returned 200.
2022-11-24 10:22:24,209 - basicLogger - INFO - processing_service returned 200.
2022-11-24 10:22:24,209 - basicLogger - INFO - storage returned 200.
2022-11-24 10:22:36,025 - basicLogger - INFO - receiver returned 200.
2022-11-24 10:22:36,026 - basicLogger - INFO - audit returned 200.
2022-11-24 10:22:36,026 - basicLogger - INFO - processing_service returned 200.
2022-11-24 10:22:36,026 - basicLogger - INFO - storage returned 200.
2022-11-24 10:22:40,730 - basicLogger - INFO - receiver returned 200.
2022-11-24 10:22:40,731 - basicLogger - INFO - audit returned 200.
2022-11-24 10:22:40,731 - basicLogger - INFO - processing_service returned 200.
2022-11-24 10:22:40,732 - basicLogger - INFO - storage returned 200.
2022-11-24 10:22:45,741 - basicLogger - INFO - receiver returned 200.
2022-11-24 10:22:45,741 - basicLogger - INFO - audit returned 200.
2022-11-24 10:22:45,742 - basicLogger - INFO - processing_service returned 200.
2022-11-24 10:22:45,742 - basicLogger - INFO - storage returned 200.
2022-11-24 10:22:50,746 - basicLogger - INFO - receiver returned 200.
2022-11-24 10:22:50,746 - basicLogger - INFO - audit returned 200.
2022-11-24 10:22:50,746 - basicLogger - INFO - processing_service returned 200.
2022-11-24 10:22:50,746 - basicLogger - INFO - storage returned 200.
2022-11-24 10:22:58,889 - basicLogger - INFO - receiver returned 200.
2022-11-24 10:22:58,890 - basicLogger - INFO - audit returned 200.
2022-11-24 10:22:58,890 - basicLogger - INFO - processing_service returned 200.
2022-11-24 10:22:58,890 - basicLogger - INFO - storage returned 200.
2022-11-24 10:23:03,848 - basicLogger - INFO - receiver returned 200.
2022-11-24 10:23:03,848 - basicLogger - INFO - audit returned 200.
2022-11-24 10:23:03,849 - basicLogger - INFO - processing_service returned 200.
2022-11-24 10:23:03,849 - basicLogger - INFO - storage returned 200.
2022-11-24 10:23:08,858 - basicLogger - INFO - receiver returned 200.
2022-11-24 10:23:08,858 - basicLogger - INFO - audit returned 200.
2022-11-24 10:23:08,858 - basicLogger - INFO - processing_service returned 200.
2022-11-24 10:23:08,859 - basicLogger - INFO - storage returned 200.
2022-11-24 10:23:13,861 - basicLogger - INFO - receiver returned 200.
2022-11-24 10:23:13,862 - basicLogger - INFO - audit returned 200.
2022-11-24 10:23:13,862 - basicLogger - INFO - processing_service returned 200.
2022-11-24 10:23:13,862 - basicLogger - INFO - storage returned 200.
2022-11-24 10:23:18,862 - basicLogger - INFO - receiver returned 200.
2022-11-24 10:23:18,862 - basicLogger - INFO - audit returned 200.
2022-11-24 10:23:18,863 - basicLogger - INFO - processing_service returned 200.
2022-11-24 10:23:18,863 - basicLogger - INFO - storage returned 200.
2022-11-24 10:23:23,868 - basicLogger - INFO - receiver returned 200.
2022-11-24 10:23:23,869 - basicLogger - INFO - audit returned 200.
2022-11-24 10:23:23,869 - basicLogger - INFO - processing_service returned 200.
2022-11-24 10:23:23,869 - basicLogger - INFO - storage returned 200.
2022-11-24 10:23:28,864 - basicLogger - INFO - receiver returned 200.
2022-11-24 10:23:28,865 - basicLogger - INFO - audit returned 200.
2022-11-24 10:23:28,866 - basicLogger - INFO - processing_service returned 200.
2022-11-24 10:23:28,867 - basicLogger - INFO - storage returned 200.
2022-11-24 10:23:33,867 - basicLogger - INFO - receiver returned 200.
2022-11-24 10:23:33,867 - basicLogger - INFO - audit returned 200.
2022-11-24 10:23:33,867 - basicLogger - INFO - processing_service returned 200.
2022-11-24 10:23:33,868 - basicLogger - INFO - storage returned 200.
2022-11-24 10:23:38,859 - basicLogger - INFO - receiver returned 200.
2022-11-24 10:23:38,860 - basicLogger - INFO - audit returned 200.
2022-11-24 10:23:38,860 - basicLogger - INFO - processing_service returned 200.
2022-11-24 10:23:38,860 - basicLogger - INFO - storage returned 200.
2022-11-24 10:23:43,859 - basicLogger - INFO - receiver returned 200.
2022-11-24 10:23:43,860 - basicLogger - INFO - audit returned 200.
2022-11-24 10:23:43,860 - basicLogger - INFO - processing_service returned 200.
2022-11-24 10:23:43,861 - basicLogger - INFO - storage returned 200.
2022-11-24 10:23:48,865 - basicLogger - INFO - receiver returned 200.
2022-11-24 10:23:48,866 - basicLogger - INFO - audit returned 200.
2022-11-24 10:23:48,866 - basicLogger - INFO - processing_service returned 200.
2022-11-24 10:23:48,866 - basicLogger - INFO - storage returned 200.
2022-11-24 10:23:53,862 - basicLogger - INFO - receiver returned 200.
2022-11-24 10:23:53,862 - basicLogger - INFO - audit returned 200.
2022-11-24 10:23:53,863 - basicLogger - INFO - processing_service returned 200.
2022-11-24 10:23:53,863 - basicLogger - INFO - storage returned 200.
2022-11-24 10:23:58,865 - basicLogger - INFO - receiver returned 200.
2022-11-24 10:23:58,866 - basicLogger - INFO - audit returned 200.
2022-11-24 10:23:58,866 - basicLogger - INFO - processing_service returned 200.
2022-11-24 10:23:58,867 - basicLogger - INFO - storage returned 200.
2022-11-24 10:24:03,872 - basicLogger - INFO - receiver returned 200.
2022-11-24 10:24:03,872 - basicLogger - INFO - audit returned 200.
2022-11-24 10:24:03,872 - basicLogger - INFO - processing_service returned 200.
2022-11-24 10:24:03,873 - basicLogger - INFO - storage returned 200.
2022-11-24 10:24:08,854 - basicLogger - INFO - receiver returned 200.
2022-11-24 10:24:08,854 - basicLogger - INFO - audit returned 200.
2022-11-24 10:24:08,854 - basicLogger - INFO - processing_service returned 200.
2022-11-24 10:24:08,854 - basicLogger - INFO - storage returned 200.
2022-11-24 10:24:13,858 - basicLogger - INFO - receiver returned 200.
2022-11-24 10:24:13,859 - basicLogger - INFO - audit returned 200.
2022-11-24 10:24:13,859 - basicLogger - INFO - processing_service returned 200.
2022-11-24 10:24:13,859 - basicLogger - INFO - storage returned 200.
2022-11-24 10:24:18,863 - basicLogger - INFO - receiver returned 200.
2022-11-24 10:24:18,863 - basicLogger - INFO - audit returned 200.
2022-11-24 10:24:18,864 - basicLogger - INFO - processing_service returned 200.
2022-11-24 10:24:18,864 - basicLogger - INFO - storage returned 200.
2022-11-24 10:24:27,743 - basicLogger - INFO - receiver returned 200.
2022-11-24 10:24:27,744 - basicLogger - INFO - audit returned 200.
2022-11-24 10:24:27,744 - basicLogger - INFO - processing_service returned 200.
2022-11-24 10:24:27,744 - basicLogger - INFO - storage returned 200.
2022-11-24 10:24:32,744 - basicLogger - INFO - receiver returned 200.
2022-11-24 10:24:32,744 - basicLogger - INFO - audit returned 200.
2022-11-24 10:24:32,745 - basicLogger - INFO - processing_service returned 200.
2022-11-24 10:24:32,745 - basicLogger - INFO - storage returned 200.
2022-11-24 10:24:37,746 - basicLogger - INFO - receiver returned 200.
2022-11-24 10:24:37,747 - basicLogger - INFO - audit returned 200.
2022-11-24 10:24:37,748 - basicLogger - INFO - processing_service returned 200.
2022-11-24 10:24:37,748 - basicLogger - INFO - storage returned 200.
2022-11-24 10:24:42,754 - basicLogger - INFO - receiver returned 200.
2022-11-24 10:24:42,754 - basicLogger - INFO - audit returned 200.
2022-11-24 10:24:42,754 - basicLogger - INFO - processing_service returned 200.
2022-11-24 10:24:42,754 - basicLogger - INFO - storage returned 200.
2022-11-24 10:24:47,734 - basicLogger - INFO - receiver returned 200.
2022-11-24 10:24:47,734 - basicLogger - INFO - audit returned 200.
2022-11-24 10:24:47,735 - basicLogger - INFO - processing_service returned 200.
2022-11-24 10:24:47,735 - basicLogger - INFO - storage returned 200.
2022-11-24 10:24:56,960 - basicLogger - INFO - receiver returned 200.
2022-11-24 10:24:56,961 - basicLogger - INFO - audit returned 200.
2022-11-24 10:24:56,961 - basicLogger - INFO - processing_service returned 200.
2022-11-24 10:24:56,961 - basicLogger - INFO - storage returned 200.
2022-11-24 10:25:01,959 - basicLogger - INFO - receiver returned 200.
2022-11-24 10:25:01,960 - basicLogger - INFO - audit returned 200.
2022-11-24 10:25:01,961 - basicLogger - INFO - processing_service returned 200.
2022-11-24 10:25:01,962 - basicLogger - INFO - storage returned 200.
2022-11-24 10:25:06,955 - basicLogger - INFO - receiver returned 200.
2022-11-24 10:25:06,956 - basicLogger - INFO - audit returned 200.
2022-11-24 10:25:06,956 - basicLogger - INFO - processing_service returned 200.
2022-11-24 10:25:06,956 - basicLogger - INFO - storage returned 200.
2022-11-24 10:25:11,423 - basicLogger - DEBUG - The latest stats:
[{'last_updated': '2022-11-24T10:25:06Z', 'receiver': 200, 'audit': 200, 'processing_service': 200, 'storage': 200}]

2022-11-24 10:25:11,423 - basicLogger - INFO - The request has been completed.
2022-11-24 10:25:13,563 - basicLogger - INFO - receiver returned 200.
2022-11-24 10:25:13,563 - basicLogger - INFO - audit returned 200.
2022-11-24 10:25:13,563 - basicLogger - INFO - processing_service returned 200.
2022-11-24 10:25:13,564 - basicLogger - INFO - storage returned 200.
2022-11-24 10:25:18,573 - basicLogger - INFO - receiver returned 200.
2022-11-24 10:25:18,574 - basicLogger - INFO - audit returned 200.
2022-11-24 10:25:18,575 - basicLogger - INFO - processing_service returned 200.
2022-11-24 10:25:18,576 - basicLogger - INFO - storage returned 200.
2022-11-24 10:25:23,551 - basicLogger - INFO - receiver returned 200.
2022-11-24 10:25:23,552 - basicLogger - INFO - audit returned 200.
2022-11-24 10:25:23,552 - basicLogger - INFO - processing_service returned 200.
2022-11-24 10:25:23,552 - basicLogger - INFO - storage returned 200.
2022-11-24 10:25:28,554 - basicLogger - INFO - receiver returned 200.
2022-11-24 10:25:28,554 - basicLogger - INFO - audit returned 200.
2022-11-24 10:25:28,554 - basicLogger - INFO - processing_service returned 200.
2022-11-24 10:25:28,555 - basicLogger - INFO - storage returned 200.
2022-11-24 10:25:33,550 - basicLogger - INFO - receiver returned 200.
2022-11-24 10:25:33,550 - basicLogger - INFO - audit returned 200.
2022-11-24 10:25:33,550 - basicLogger - INFO - processing_service returned 200.
2022-11-24 10:25:33,550 - basicLogger - INFO - storage returned 200.
2022-11-24 10:25:38,560 - basicLogger - INFO - receiver returned 200.
2022-11-24 10:25:38,561 - basicLogger - INFO - audit returned 200.
2022-11-24 10:25:38,561 - basicLogger - INFO - processing_service returned 200.
2022-11-24 10:25:38,561 - basicLogger - INFO - storage returned 200.
2022-11-24 10:25:43,553 - basicLogger - INFO - receiver returned 200.
2022-11-24 10:25:43,553 - basicLogger - INFO - audit returned 200.
2022-11-24 10:25:43,554 - basicLogger - INFO - processing_service returned 200.
2022-11-24 10:25:43,554 - basicLogger - INFO - storage returned 200.
2022-11-24 10:25:48,560 - basicLogger - INFO - receiver returned 200.
2022-11-24 10:25:48,561 - basicLogger - INFO - audit returned 200.
2022-11-24 10:25:48,561 - basicLogger - INFO - processing_service returned 200.
2022-11-24 10:25:48,562 - basicLogger - INFO - storage returned 200.
2022-11-24 10:25:53,555 - basicLogger - INFO - receiver returned 200.
2022-11-24 10:25:53,556 - basicLogger - INFO - audit returned 200.
2022-11-24 10:25:53,556 - basicLogger - INFO - processing_service returned 200.
2022-11-24 10:25:53,556 - basicLogger - INFO - storage returned 200.
2022-11-24 10:25:58,555 - basicLogger - INFO - receiver returned 200.
2022-11-24 10:25:58,556 - basicLogger - INFO - audit returned 200.
2022-11-24 10:25:58,556 - basicLogger - INFO - processing_service returned 200.
2022-11-24 10:25:58,557 - basicLogger - INFO - storage returned 200.
2022-11-24 10:26:03,563 - basicLogger - INFO - receiver returned 200.
2022-11-24 10:26:03,564 - basicLogger - INFO - audit returned 200.
2022-11-24 10:26:03,565 - basicLogger - INFO - processing_service returned 200.
2022-11-24 10:26:03,565 - basicLogger - INFO - storage returned 200.
2022-11-24 10:26:08,549 - basicLogger - INFO - receiver returned 200.
2022-11-24 10:26:08,550 - basicLogger - INFO - audit returned 200.
2022-11-24 10:26:08,550 - basicLogger - INFO - processing_service returned 200.
2022-11-24 10:26:08,550 - basicLogger - INFO - storage returned 200.
2022-11-24 10:26:16,462 - basicLogger - INFO - receiver returned 200.
2022-11-24 10:26:16,462 - basicLogger - INFO - audit returned 200.
2022-11-24 10:26:16,462 - basicLogger - INFO - processing_service returned 200.
2022-11-24 10:26:16,463 - basicLogger - INFO - storage returned 200.
2022-11-24 10:26:17,916 - basicLogger - DEBUG - The latest stats:
[{'last_updated': '2022-11-24T10:26:16Z', 'receiver': 200, 'audit': 200, 'processing': 200, 'storage': 200}]

2022-11-24 10:26:17,916 - basicLogger - INFO - The request has been completed.
2022-11-24 10:26:19,323 - basicLogger - DEBUG - The latest stats:
[{'last_updated': '2022-11-24T10:26:16Z', 'receiver': 200, 'audit': 200, 'processing': 200, 'storage': 200}]

2022-11-24 10:26:19,323 - basicLogger - INFO - The request has been completed.
2022-11-24 10:26:21,481 - basicLogger - INFO - receiver returned 200.
2022-11-24 10:26:21,482 - basicLogger - INFO - audit returned 200.
2022-11-24 10:26:21,482 - basicLogger - INFO - processing_service returned 200.
2022-11-24 10:26:21,482 - basicLogger - INFO - storage returned 200.
2022-11-24 10:26:26,462 - basicLogger - INFO - receiver returned 200.
2022-11-24 10:26:26,462 - basicLogger - INFO - audit returned 200.
2022-11-24 10:26:26,463 - basicLogger - INFO - processing_service returned 200.
2022-11-24 10:26:26,463 - basicLogger - INFO - storage returned 200.
2022-11-24 10:26:31,456 - basicLogger - INFO - receiver returned 200.
2022-11-24 10:26:31,456 - basicLogger - INFO - audit returned 200.
2022-11-24 10:26:31,456 - basicLogger - INFO - processing_service returned 200.
2022-11-24 10:26:31,456 - basicLogger - INFO - storage returned 200.
2022-11-24 10:26:36,480 - basicLogger - INFO - receiver returned 200.
2022-11-24 10:26:36,481 - basicLogger - INFO - audit returned 200.
2022-11-24 10:26:36,481 - basicLogger - INFO - processing_service returned 200.
2022-11-24 10:26:36,481 - basicLogger - INFO - storage returned 200.
2022-11-24 10:26:41,483 - basicLogger - INFO - receiver returned 200.
2022-11-24 10:26:41,483 - basicLogger - INFO - audit returned 200.
2022-11-24 10:26:41,484 - basicLogger - INFO - processing_service returned 200.
2022-11-24 10:26:41,485 - basicLogger - INFO - storage returned 200.
2022-11-24 10:26:46,462 - basicLogger - INFO - receiver returned 200.
2022-11-24 10:26:46,462 - basicLogger - INFO - audit returned 200.
2022-11-24 10:26:46,463 - basicLogger - INFO - processing_service returned 200.
2022-11-24 10:26:46,463 - basicLogger - INFO - storage returned 200.
2022-11-24 10:26:51,466 - basicLogger - INFO - receiver returned 200.
2022-11-24 10:26:51,466 - basicLogger - INFO - audit returned 200.
2022-11-24 10:26:51,466 - basicLogger - INFO - processing_service returned 200.
2022-11-24 10:26:51,467 - basicLogger - INFO - storage returned 200.
2022-11-24 10:26:56,474 - basicLogger - INFO - receiver returned 200.
2022-11-24 10:26:56,475 - basicLogger - INFO - audit returned 200.
2022-11-24 10:26:56,476 - basicLogger - INFO - processing_service returned 200.
2022-11-24 10:26:56,477 - basicLogger - INFO - storage returned 200.
2022-11-24 10:27:01,468 - basicLogger - INFO - receiver returned 200.
2022-11-24 10:27:01,469 - basicLogger - INFO - audit returned 200.
2022-11-24 10:27:01,469 - basicLogger - INFO - processing_service returned 200.
2022-11-24 10:27:01,469 - basicLogger - INFO - storage returned 200.
2022-11-24 10:27:06,469 - basicLogger - INFO - receiver returned 200.
2022-11-24 10:27:06,469 - basicLogger - INFO - audit returned 200.
2022-11-24 10:27:06,470 - basicLogger - INFO - processing_service returned 200.
2022-11-24 10:27:06,470 - basicLogger - INFO - storage returned 200.
2022-11-24 10:27:11,458 - basicLogger - INFO - receiver returned 200.
2022-11-24 10:27:11,459 - basicLogger - INFO - audit returned 200.
2022-11-24 10:27:11,459 - basicLogger - INFO - processing_service returned 200.
2022-11-24 10:27:11,459 - basicLogger - INFO - storage returned 200.
2022-11-24 10:27:16,456 - basicLogger - INFO - receiver returned 200.
2022-11-24 10:27:16,457 - basicLogger - INFO - audit returned 200.
2022-11-24 10:27:16,457 - basicLogger - INFO - processing_service returned 200.
2022-11-24 10:27:16,457 - basicLogger - INFO - storage returned 200.
2022-11-24 10:27:21,466 - basicLogger - INFO - receiver returned 200.
2022-11-24 10:27:21,467 - basicLogger - INFO - audit returned 200.
2022-11-24 10:27:21,467 - basicLogger - INFO - processing_service returned 200.
2022-11-24 10:27:21,468 - basicLogger - INFO - storage returned 200.
2022-11-24 10:27:26,471 - basicLogger - INFO - receiver returned 200.
2022-11-24 10:27:26,471 - basicLogger - INFO - audit returned 200.
2022-11-24 10:27:26,471 - basicLogger - INFO - processing_service returned 200.
2022-11-24 10:27:26,471 - basicLogger - INFO - storage returned 200.
2022-11-24 10:27:31,473 - basicLogger - INFO - receiver returned 200.
2022-11-24 10:27:31,473 - basicLogger - INFO - audit returned 200.
2022-11-24 10:27:31,473 - basicLogger - INFO - processing_service returned 200.
2022-11-24 10:27:31,474 - basicLogger - INFO - storage returned 200.
2022-11-24 10:27:36,463 - basicLogger - INFO - receiver returned 200.
2022-11-24 10:27:36,464 - basicLogger - INFO - audit returned 200.
2022-11-24 10:27:36,464 - basicLogger - INFO - processing_service returned 200.
2022-11-24 10:27:36,465 - basicLogger - INFO - storage returned 200.
2022-11-24 10:27:41,468 - basicLogger - INFO - receiver returned 200.
2022-11-24 10:27:41,468 - basicLogger - INFO - audit returned 200.
2022-11-24 10:27:41,469 - basicLogger - INFO - processing_service returned 200.
2022-11-24 10:27:41,469 - basicLogger - INFO - storage returned 200.
2022-11-24 10:27:46,471 - basicLogger - INFO - receiver returned 200.
2022-11-24 10:27:46,471 - basicLogger - INFO - audit returned 200.
2022-11-24 10:27:46,471 - basicLogger - INFO - processing_service returned 200.
2022-11-24 10:27:46,472 - basicLogger - INFO - storage returned 200.
2022-11-24 10:27:51,686 - basicLogger - INFO - receiver returned 200.
2022-11-24 10:27:51,687 - basicLogger - INFO - audit returned 200.
2022-11-24 10:27:51,688 - basicLogger - INFO - processing_service returned 200.
2022-11-24 10:27:51,690 - basicLogger - INFO - storage returned 200.
2022-11-24 10:27:57,549 - basicLogger - INFO - [{'last_updated': '2022-11-24T10:27:51Z', 'receiver': 200, 'audit': 200, 'processing': 200, 'storage': 200}]
2022-11-24 10:27:57,550 - basicLogger - DEBUG - The latest stats:
[{'last_updated': '2022-11-24T10:27:51Z', 'receiver': 200, 'audit': 200, 'processing': 200, 'storage': 200}]

2022-11-24 10:27:57,550 - basicLogger - INFO - The request has been completed.
2022-11-24 10:27:58,067 - basicLogger - INFO - [{'last_updated': '2022-11-24T10:27:51Z', 'receiver': 200, 'audit': 200, 'processing': 200, 'storage': 200}]
2022-11-24 10:27:58,067 - basicLogger - DEBUG - The latest stats:
[{'last_updated': '2022-11-24T10:27:51Z', 'receiver': 200, 'audit': 200, 'processing': 200, 'storage': 200}]

2022-11-24 10:27:58,068 - basicLogger - INFO - The request has been completed.
2022-11-24 10:27:58,638 - basicLogger - INFO - [{'last_updated': '2022-11-24T10:27:51Z', 'receiver': 200, 'audit': 200, 'processing': 200, 'storage': 200}]
2022-11-24 10:27:58,639 - basicLogger - DEBUG - The latest stats:
[{'last_updated': '2022-11-24T10:27:51Z', 'receiver': 200, 'audit': 200, 'processing': 200, 'storage': 200}]

2022-11-24 10:27:58,639 - basicLogger - INFO - The request has been completed.
2022-11-24 10:28:24,125 - basicLogger - INFO - {'last_updated': '2022-11-24T10:27:51Z', 'receiver': 200, 'audit': 200, 'processing': 200, 'storage': 200}
2022-11-24 10:28:24,125 - basicLogger - DEBUG - The latest stats:
[{'last_updated': '2022-11-24T10:27:51Z', 'receiver': 200, 'audit': 200, 'processing': 200, 'storage': 200}]

2022-11-24 10:28:24,126 - basicLogger - INFO - The request has been completed.
2022-11-24 10:28:24,653 - basicLogger - INFO - {'last_updated': '2022-11-24T10:27:51Z', 'receiver': 200, 'audit': 200, 'processing': 200, 'storage': 200}
2022-11-24 10:28:24,654 - basicLogger - DEBUG - The latest stats:
[{'last_updated': '2022-11-24T10:27:51Z', 'receiver': 200, 'audit': 200, 'processing': 200, 'storage': 200}]

2022-11-24 10:28:24,654 - basicLogger - INFO - The request has been completed.
2022-11-24 10:28:25,079 - basicLogger - INFO - {'last_updated': '2022-11-24T10:27:51Z', 'receiver': 200, 'audit': 200, 'processing': 200, 'storage': 200}
2022-11-24 10:28:25,080 - basicLogger - DEBUG - The latest stats:
[{'last_updated': '2022-11-24T10:27:51Z', 'receiver': 200, 'audit': 200, 'processing': 200, 'storage': 200}]

2022-11-24 10:28:25,080 - basicLogger - INFO - The request has been completed.
2022-11-24 10:28:40,123 - basicLogger - INFO - {'last_updated': '2022-11-24T10:27:51Z', 'receiver': 200, 'audit': 200, 'processing': 200, 'storage': 200}
2022-11-24 10:28:40,123 - basicLogger - DEBUG - The latest stats:
{'last_updated': '2022-11-24T10:27:51Z', 'receiver': 200, 'audit': 200, 'processing': 200, 'storage': 200}

2022-11-24 10:28:40,124 - basicLogger - INFO - The request has been completed.
2022-11-24 10:28:40,655 - basicLogger - INFO - {'last_updated': '2022-11-24T10:27:51Z', 'receiver': 200, 'audit': 200, 'processing': 200, 'storage': 200}
2022-11-24 10:28:40,655 - basicLogger - DEBUG - The latest stats:
{'last_updated': '2022-11-24T10:27:51Z', 'receiver': 200, 'audit': 200, 'processing': 200, 'storage': 200}

2022-11-24 10:28:40,655 - basicLogger - INFO - The request has been completed.
2022-11-24 10:28:42,093 - basicLogger - INFO - receiver returned 200.
2022-11-24 10:28:42,095 - basicLogger - INFO - audit returned 200.
2022-11-24 10:28:42,095 - basicLogger - INFO - processing_service returned 200.
2022-11-24 10:28:42,096 - basicLogger - INFO - storage returned 200.
